mode: atomic
github.com/Andrew1996-la/ship-builder/inventory/internal/api/inventory/v1/api.go:10.40,14.2 1 0
github.com/Andrew1996-la/ship-builder/inventory/internal/api/inventory/v1/get.go:10.110,12.16 2 0
github.com/Andrew1996-la/ship-builder/inventory/internal/api/inventory/v1/get.go:12.16,14.3 1 0
github.com/Andrew1996-la/ship-builder/inventory/internal/api/inventory/v1/get.go:16.2,18.8 1 0
github.com/Andrew1996-la/ship-builder/inventory/internal/api/inventory/v1/list.go:11.116,18.16 3 0
github.com/Andrew1996-la/ship-builder/inventory/internal/api/inventory/v1/list.go:18.16,20.3 1 0
github.com/Andrew1996-la/ship-builder/inventory/internal/api/inventory/v1/list.go:22.2,24.26 2 0
github.com/Andrew1996-la/ship-builder/inventory/internal/api/inventory/v1/list.go:24.26,26.3 1 0
github.com/Andrew1996-la/ship-builder/inventory/internal/api/inventory/v1/list.go:28.2,30.8 1 0
github.com/Andrew1996-la/ship-builder/inventory/internal/service/part/get.go:9.76,11.2 1 0
github.com/Andrew1996-la/ship-builder/inventory/internal/service/part/list.go:9.92,11.2 1 0
github.com/Andrew1996-la/ship-builder/inventory/internal/service/part/service.go:7.46,11.2 1 0
github.com/Andrew1996-la/ship-builder/inventory/internal/api/inventory/v1/api.go:10.40,14.2 1 0
github.com/Andrew1996-la/ship-builder/inventory/internal/api/inventory/v1/get.go:10.110,12.16 2 0
github.com/Andrew1996-la/ship-builder/inventory/internal/api/inventory/v1/get.go:12.16,14.3 1 0
github.com/Andrew1996-la/ship-builder/inventory/internal/api/inventory/v1/get.go:16.2,18.8 1 0
github.com/Andrew1996-la/ship-builder/inventory/internal/api/inventory/v1/list.go:11.116,18.16 3 0
github.com/Andrew1996-la/ship-builder/inventory/internal/api/inventory/v1/list.go:18.16,20.3 1 0
github.com/Andrew1996-la/ship-builder/inventory/internal/api/inventory/v1/list.go:22.2,24.26 2 0
github.com/Andrew1996-la/ship-builder/inventory/internal/api/inventory/v1/list.go:24.26,26.3 1 0
github.com/Andrew1996-la/ship-builder/inventory/internal/api/inventory/v1/list.go:28.2,30.8 1 0
github.com/Andrew1996-la/ship-builder/inventory/internal/service/part/get.go:9.76,11.2 1 2
github.com/Andrew1996-la/ship-builder/inventory/internal/service/part/list.go:9.92,11.2 1 2
github.com/Andrew1996-la/ship-builder/inventory/internal/service/part/service.go:7.46,11.2 1 4
github.com/Andrew1996-la/ship-builder/inventory/internal/api/inventory/v1/api.go:10.40,14.2 1 4
github.com/Andrew1996-la/ship-builder/inventory/internal/api/inventory/v1/get.go:10.110,12.16 2 2
github.com/Andrew1996-la/ship-builder/inventory/internal/api/inventory/v1/get.go:12.16,14.3 1 1
github.com/Andrew1996-la/ship-builder/inventory/internal/api/inventory/v1/get.go:16.2,18.8 1 1
github.com/Andrew1996-la/ship-builder/inventory/internal/api/inventory/v1/list.go:11.116,18.16 3 2
github.com/Andrew1996-la/ship-builder/inventory/internal/api/inventory/v1/list.go:18.16,20.3 1 1
github.com/Andrew1996-la/ship-builder/inventory/internal/api/inventory/v1/list.go:22.2,24.26 2 1
github.com/Andrew1996-la/ship-builder/inventory/internal/api/inventory/v1/list.go:24.26,26.3 1 1
github.com/Andrew1996-la/ship-builder/inventory/internal/api/inventory/v1/list.go:28.2,30.8 1 1
github.com/Andrew1996-la/ship-builder/inventory/internal/service/part/get.go:9.76,11.2 1 0
github.com/Andrew1996-la/ship-builder/inventory/internal/service/part/list.go:9.92,11.2 1 0
github.com/Andrew1996-la/ship-builder/inventory/internal/service/part/service.go:7.46,11.2 1 0
