mode: atomic
github.com/Andrew1996-la/ship-builder/payment/internal/api/payment/v1/api.go:10.39,14.2 1 0
github.com/Andrew1996-la/ship-builder/payment/internal/api/payment/v1/pay.go:14.40,16.16 2 0
github.com/Andrew1996-la/ship-builder/payment/internal/api/payment/v1/pay.go:16.16,18.3 1 0
github.com/Andrew1996-la/ship-builder/payment/internal/api/payment/v1/pay.go:20.2,21.16 2 0
github.com/Andrew1996-la/ship-builder/payment/internal/api/payment/v1/pay.go:21.16,23.3 1 0
github.com/Andrew1996-la/ship-builder/payment/internal/api/payment/v1/pay.go:25.2,25.56 1 0
github.com/Andrew1996-la/ship-builder/payment/internal/service/payment/pay.go:13.90,14.58 1 0
github.com/Andrew1996-la/ship-builder/payment/internal/service/payment/pay.go:14.58,16.3 1 0
github.com/Andrew1996-la/ship-builder/payment/internal/service/payment/pay.go:18.2,30.8 3 0
github.com/Andrew1996-la/ship-builder/payment/internal/service/payment/service.go:5.21,7.2 1 0
github.com/Andrew1996-la/ship-builder/payment/internal/api/payment/v1/api.go:10.39,14.2 1 3
github.com/Andrew1996-la/ship-builder/payment/internal/api/payment/v1/pay.go:14.40,16.16 2 3
github.com/Andrew1996-la/ship-builder/payment/internal/api/payment/v1/pay.go:16.16,18.3 1 1
github.com/Andrew1996-la/ship-builder/payment/internal/api/payment/v1/pay.go:20.2,21.16 2 2
github.com/Andrew1996-la/ship-builder/payment/internal/api/payment/v1/pay.go:21.16,23.3 1 1
github.com/Andrew1996-la/ship-builder/payment/internal/api/payment/v1/pay.go:25.2,25.56 1 1
github.com/Andrew1996-la/ship-builder/payment/internal/service/payment/pay.go:13.90,14.58 1 0
github.com/Andrew1996-la/ship-builder/payment/internal/service/payment/pay.go:14.58,16.3 1 0
github.com/Andrew1996-la/ship-builder/payment/internal/service/payment/pay.go:18.2,30.8 3 0
github.com/Andrew1996-la/ship-builder/payment/internal/service/payment/service.go:5.21,7.2 1 0
github.com/Andrew1996-la/ship-builder/payment/internal/api/payment/v1/api.go:10.39,14.2 1 0
github.com/Andrew1996-la/ship-builder/payment/internal/api/payment/v1/pay.go:14.40,16.16 2 0
github.com/Andrew1996-la/ship-builder/payment/internal/api/payment/v1/pay.go:16.16,18.3 1 0
github.com/Andrew1996-la/ship-builder/payment/internal/api/payment/v1/pay.go:20.2,21.16 2 0
github.com/Andrew1996-la/ship-builder/payment/internal/api/payment/v1/pay.go:21.16,23.3 1 0
github.com/Andrew1996-la/ship-builder/payment/internal/api/payment/v1/pay.go:25.2,25.56 1 0
github.com/Andrew1996-la/ship-builder/payment/internal/service/payment/pay.go:13.90,14.58 1 3
github.com/Andrew1996-la/ship-builder/payment/internal/service/payment/pay.go:14.58,16.3 1 1
github.com/Andrew1996-la/ship-builder/payment/internal/service/payment/pay.go:18.2,30.8 3 2
github.com/Andrew1996-la/ship-builder/payment/internal/service/payment/service.go:5.21,7.2 1 3
